app/build/intermediates/manifest_merge_blame_file/debug/manifest-merger-blame-debug-report.txt
1<?xml version="1.0" encoding="utf-8"?>
2<!--
3  ~ Copyright 2020 The Android Open Source Project
4  ~
5  ~ Licensed under the Apache License, Version 2.0 (the "License");
6  ~ you may not use this file except in compliance with the License.
7  ~ You may obtain a copy of the License at
8  ~
9  ~     https://www.apache.org/licenses/LICENSE-2.0
10  ~
11  ~ Unless required by applicable law or agreed to in writing, software
12  ~ distributed under the License is distributed on an "AS IS" BASIS,
13  ~ WITHOUT WARRANTIES OR CONDITIONS OF ANY KIND, either express or implied.
14  ~ See the License for the specific language governing permissions and
15  ~ limitations under the License.
16-->
17<manifest xmlns:android="http://schemas.android.com/apk/res/android"
18    package="com.android.example.camerax.video"
19    android:versionCode="1"
20    android:versionName="1.0.0" >
21
22    <uses-sdk
23        android:minSdkVersion="21"
23-->src\main\AndroidManifest.xml
24        android:targetSdkVersion="31" />
24-->src\main\AndroidManifest.xml
25
26    <!-- Permission declarations -->
27    <!-- <uses-feature android:name="android.hardware.bluetooth" /> -->
28    <!-- <uses-permission android:name="android.permission.BLUETOOTH" /> -->
29    <!-- <uses-permission android:name="android.permission.BLUETOOTH_ADMIN" /> -->
30    <!-- <uses-permission android:name="android.permission.ACCESS_COARSE_LOCATION" /> -->
31    <!-- <uses-permission android:name="android.permission.ACCESS_FINE_LOCATION" /> -->
32    <uses-permission android:name="android.permission.CAMERA" />
32-->src\main\AndroidManifest.xml:27:5-65
32-->src\main\AndroidManifest.xml:27:22-62
33    <uses-permission android:name="android.permission.RECORD_AUDIO" />
33-->src\main\AndroidManifest.xml:28:5-71
33-->src\main\AndroidManifest.xml:28:22-68
34    <uses-permission
34-->src\main\AndroidManifest.xml:29:5-30:38
35        android:name="android.permission.WRITE_EXTERNAL_STORAGE"
35-->src\main\AndroidManifest.xml:29:22-78
36        android:maxSdkVersion="28" />
36-->src\main\AndroidManifest.xml:30:9-35
37
38    <!-- A camera with burst capability is required to use this application -->
39    <uses-feature android:name="android.hardware.camera.any" />
39-->src\main\AndroidManifest.xml:33:5-64
39-->src\main\AndroidManifest.xml:33:19-61
40
41    <application
41-->src\main\AndroidManifest.xml:35:5-67:19
42        android:name="com.example.android.camerax.video.MainApplication"
42-->src\main\AndroidManifest.xml:36:9-40
43        android:allowBackup="true"
43-->src\main\AndroidManifest.xml:37:9-35
44        android:appComponentFactory="androidx.core.app.CoreComponentFactory"
44-->[androidx.core:core:1.7.0] AndroidManifest.xml:24:18-86
45        android:debuggable="true"
46        android:icon="@drawable/ic_launcher"
46-->src\main\AndroidManifest.xml:39:9-45
47        android:label="@string/app_name"
47-->src\main\AndroidManifest.xml:38:9-41
48        android:testOnly="true" >
49        <activity
49-->src\main\AndroidManifest.xml:42:9-54:20
50            android:name="com.example.android.camerax.video.MainActivity"
50-->src\main\AndroidManifest.xml:43:13-74
51            android:clearTaskOnLaunch="true"
51-->src\main\AndroidManifest.xml:44:13-45
52            android:exported="true"
52-->src\main\AndroidManifest.xml:46:13-36
53            android:theme="@style/AppTheme" >
53-->src\main\AndroidManifest.xml:45:13-44
54
55            <!-- Main app intent filter -->
56            <intent-filter>
56-->src\main\AndroidManifest.xml:49:13-52:29
57                <action android:name="android.intent.action.MAIN" />
57-->src\main\AndroidManifest.xml:50:17-69
57-->src\main\AndroidManifest.xml:50:25-66
58
59                <category android:name="android.intent.category.LAUNCHER" />
59-->src\main\AndroidManifest.xml:51:17-77
59-->src\main\AndroidManifest.xml:51:27-74
60            </intent-filter>
61        </activity>
62
63        <!-- FileProvider used to share media with other apps -->
64        <provider
65            android:name="androidx.core.content.FileProvider"
65-->src\main\AndroidManifest.xml:58:13-62
66            android:authorities="com.android.example.camerax.video.provider"
66-->src\main\AndroidManifest.xml:59:13-60
67            android:exported="false"
67-->src\main\AndroidManifest.xml:60:13-37
68            android:grantUriPermissions="true" >
68-->src\main\AndroidManifest.xml:61:13-47
69            <meta-data
69-->src\main\AndroidManifest.xml:62:13-64:53
70                android:name="android.support.FILE_PROVIDER_PATHS"
70-->src\main\AndroidManifest.xml:63:17-67
71                android:resource="@xml/file_paths" />
71-->src\main\AndroidManifest.xml:64:17-51
72        </provider>
73
74        <uses-library
74-->[androidx.window:window:1.0.0-rc01] AndroidManifest.xml:25:9-27:40
75            android:name="androidx.window.extensions"
75-->[androidx.window:window:1.0.0-rc01] AndroidManifest.xml:26:13-54
76            android:required="false" />
76-->[androidx.window:window:1.0.0-rc01] AndroidManifest.xml:27:13-37
77        <uses-library
77-->[androidx.window:window:1.0.0-rc01] AndroidManifest.xml:28:9-30:40
78            android:name="androidx.window.sidecar"
78-->[androidx.window:window:1.0.0-rc01] AndroidManifest.xml:29:13-51
79            android:required="false" />
79-->[androidx.window:window:1.0.0-rc01] AndroidManifest.xml:30:13-37
80
81        <service
81-->[androidx.camera:camera-camera2:1.1.0-beta01] AndroidManifest.xml:26:9-35:19
82            android:name="androidx.camera.core.impl.MetadataHolderService"
82-->[androidx.camera:camera-camera2:1.1.0-beta01] AndroidManifest.xml:27:13-75
83            android:enabled="false"
83-->[androidx.camera:camera-camera2:1.1.0-beta01] AndroidManifest.xml:28:13-36
84            android:exported="false" >
84-->[androidx.camera:camera-camera2:1.1.0-beta01] AndroidManifest.xml:29:13-37
85            <meta-data
85-->[androidx.camera:camera-camera2:1.1.0-beta01] AndroidManifest.xml:32:13-34:89
86                android:name="androidx.camera.core.impl.MetadataHolderService.DEFAULT_CONFIG_PROVIDER"
86-->[androidx.camera:camera-camera2:1.1.0-beta01] AndroidManifest.xml:33:17-103
87                android:value="androidx.camera.camera2.Camera2Config$DefaultProvider" />
87-->[androidx.camera:camera-camera2:1.1.0-beta01] AndroidManifest.xml:34:17-86
88        </service>
89
90        <provider
90-->[androidx.emoji2:emoji2:1.0.0] AndroidManifest.xml:26:9-34:20
91            android:name="androidx.startup.InitializationProvider"
91-->[androidx.emoji2:emoji2:1.0.0] AndroidManifest.xml:27:13-67
92            android:authorities="com.android.example.camerax.video.androidx-startup"
92-->[androidx.emoji2:emoji2:1.0.0] AndroidManifest.xml:28:13-68
93            android:exported="false" >
93-->[androidx.emoji2:emoji2:1.0.0] AndroidManifest.xml:29:13-37
94            <meta-data
94-->[androidx.emoji2:emoji2:1.0.0] AndroidManifest.xml:31:13-33:52
95                android:name="androidx.emoji2.text.EmojiCompatInitializer"
95-->[androidx.emoji2:emoji2:1.0.0] AndroidManifest.xml:32:17-75
96                android:value="androidx.startup" />
96-->[androidx.emoji2:emoji2:1.0.0] AndroidManifest.xml:33:17-49
97            <meta-data
97-->[androidx.lifecycle:lifecycle-process:2.4.0] AndroidManifest.xml:31:13-33:52
98                android:name="androidx.lifecycle.ProcessLifecycleInitializer"
98-->[androidx.lifecycle:lifecycle-process:2.4.0] AndroidManifest.xml:32:17-78
99                android:value="androidx.startup" />
99-->[androidx.lifecycle:lifecycle-process:2.4.0] AndroidManifest.xml:33:17-49
100        </provider>
101    </application>
102
103</manifest>